<?xml version="1.0" encoding="UTF-8"?>
<testsuite xmlns:xsi="http://www.w3.org/2001/XMLSchema-instance" xsi:noNamespaceSchemaLocation="https://maven.apache.org/surefire/maven-surefire-plugin/xsd/surefire-test-report-3.0.xsd" version="3.0" name="com.example.invitaciones.InvitacionesApplicationTests" time="8.185" tests="1" errors="0" skipped="0" failures="0">
  <properties>
[...]
</properties>
  <testcase name="contextLoads" classname="com.example.invitaciones.InvitacionesApplicationTests" time="0.344">
    <system-out><![CDATA[14:36:42.034 [main] INFO org.springframework.test.context.support.AnnotationConfigContextLoaderUtils -- Could not detect default configuration classes for test class [com.example.invitaciones.InvitacionesApplicationTests]: InvitacionesApplicationTests does not declare any static, non-private, non-final, nested classes annotated with @Configuration.
14:36:42.113 [main] INFO org.springframework.boot.test.context.SpringBootTestContextBootstrapper -- Found @SpringBootConfiguration com.example.invitaciones.InvitacionesApplication for test class com.example.invitaciones.InvitacionesApplicationTests

  .   ____          _            __ _ _
 /\\ / ___'_ __ _ _(_)_ __  __ _ \ \ \ \
( ( )\___ | '_ | '_| | '_ \/ _` | \ \ \ \
 \\/  ___)| |_)| | | | | || (_| |  ) ) ) )
  '  |____| .__|_| |_|_| |_\__, | / / / /
 =========|_|==============|___/=/_/_/_/

 :: Spring Boot ::                (v3.3.5)

2024-11-08T14:36:42.435-05:00  INFO 5264 --- [           main] c.e.i.InvitacionesApplicationTests       : Starting InvitacionesApplicationTests using Java 17.0.12 with PID 5264 (started by LENOVO in C:\Users\LENOVO\Desktop\java\invitaciones)
2024-11-08T14:36:42.437-05:00  INFO 5264 --- [           main] c.e.i.InvitacionesApplicationTests       : No active profile set, falling back to 1 default profile: "default"
2024-11-08T14:36:43.120-05:00  INFO 5264 --- [           main] .s.d.r.c.RepositoryConfigurationDelegate : Bootstrapping Spring Data JPA repositories in DEFAULT mode.
2024-11-08T14:36:43.172-05:00  INFO 5264 --- [           main] .s.d.r.c.RepositoryConfigurationDelegate : Finished Spring Data repository scanning in 44 ms. Found 1 JPA repository interface.
2024-11-08T14:36:43.543-05:00  INFO 5264 --- [           main] o.hibernate.jpa.internal.util.LogHelper  : HHH000204: Processing PersistenceUnitInfo [name: default]
2024-11-08T14:36:43.588-05:00  INFO 5264 --- [           main] org.hibernate.Version                    : HHH000412: Hibernate ORM core version 6.5.3.Final
2024-11-08T14:36:43.618-05:00  INFO 5264 --- [           main] o.h.c.internal.RegionFactoryInitiator    : HHH000026: Second-level cache disabled
2024-11-08T14:36:43.905-05:00  INFO 5264 --- [           main] o.s.o.j.p.SpringPersistenceUnitInfo      : No LoadTimeWeaver setup: ignoring JPA class transformer
2024-11-08T14:36:43.941-05:00  INFO 5264 --- [           main] com.zaxxer.hikari.HikariDataSource       : HikariPool-1 - Starting...
2024-11-08T14:36:45.337-05:00  INFO 5264 --- [           main] com.zaxxer.hikari.pool.HikariPool        : HikariPool-1 - Added connection com.mysql.cj.jdbc.ConnectionImpl@5a8dcfbb
2024-11-08T14:36:45.339-05:00  INFO 5264 --- [           main] com.zaxxer.hikari.HikariDataSource       : HikariPool-1 - Start completed.
2024-11-08T14:36:45.354-05:00  WARN 5264 --- [           main] org.hibernate.orm.deprecation            : HHH90000025: MySQL8Dialect does not need to be specified explicitly using 'hibernate.dialect' (remove the property setting and it will be selected by default)
2024-11-08T14:36:45.355-05:00  WARN 5264 --- [           main] org.hibernate.orm.deprecation            : HHH90000026: MySQL8Dialect has been deprecated; use org.hibernate.dialect.MySQLDialect instead
2024-11-08T14:36:45.941-05:00  INFO 5264 --- [           main] o.h.e.t.j.p.i.JtaPlatformInitiator       : HHH000489: No JTA platform available (set 'hibernate.transaction.jta.platform' to enable JTA platform integration)
2024-11-08T14:36:49.089-05:00  INFO 5264 --- [           main] j.LocalContainerEntityManagerFactoryBean : Initialized JPA EntityManagerFactory for persistence unit 'default'
2024-11-08T14:36:49.434-05:00  WARN 5264 --- [           main] JpaBaseConfiguration$JpaWebConfiguration : spring.jpa.open-in-view is enabled by default. Therefore, database queries may be performed during view rendering. Explicitly configure spring.jpa.open-in-view to disable this warning
2024-11-08T14:36:49.739-05:00  INFO 5264 --- [           main] c.e.i.InvitacionesApplicationTests       : Started InvitacionesApplicationTests in 7.503 seconds (process running for 8.197)
]]></system-out>
  </testcase>
</testsuite>