<?xml version="1.0" encoding="UTF-8"?>
<testsuite xmlns:xsi="http://www.w3.org/2001/XMLSchema-instance" xsi:noNamespaceSchemaLocation="https://maven.apache.org/surefire/maven-surefire-plugin/xsd/surefire-test-report-3.0.xsd" version="3.0" name="com.example.invitaciones.InvitacionesApplicationTests" time="13.825" tests="1" errors="0" skipped="0" failures="0">
  <properties>
[...]
</properties>
  <testcase name="contextLoads" classname="com.example.invitaciones.InvitacionesApplicationTests" time="0.496">
    <system-out><![CDATA[19:42:20.329 [main] INFO org.springframework.test.context.support.AnnotationConfigContextLoaderUtils -- Could not detect default configuration classes for test class [com.example.invitaciones.InvitacionesApplicationTests]: InvitacionesApplicationTests does not declare any static, non-private, non-final, nested classes annotated with @Configuration.
19:42:20.493 [main] INFO org.springframework.boot.test.context.SpringBootTestContextBootstrapper -- Found @SpringBootConfiguration com.example.invitaciones.InvitacionesApplication for test class com.example.invitaciones.InvitacionesApplicationTests

  .   ____          _            __ _ _
 /\\ / ___'_ __ _ _(_)_ __  __ _ \ \ \ \
( ( )\___ | '_ | '_| | '_ \/ _` | \ \ \ \
 \\/  ___)| |_)| | | | | || (_| |  ) ) ) )
  '  |____| .__|_| |_|_| |_\__, | / / / /
 =========|_|==============|___/=/_/_/_/

 :: Spring Boot ::                (v3.3.5)

2024-11-08T19:42:21.125-05:00  INFO 18360 --- [           main] c.e.i.InvitacionesApplicationTests       : Starting InvitacionesApplicationTests using Java 17.0.9 with PID 18360 (started by John in C:\Users\John\Desktop\SuarezPharma\invitaciones2)
2024-11-08T19:42:21.127-05:00  INFO 18360 --- [           main] c.e.i.InvitacionesApplicationTests       : No active profile set, falling back to 1 default profile: "default"
2024-11-08T19:42:22.400-05:00  INFO 18360 --- [           main] .s.d.r.c.RepositoryConfigurationDelegate : Bootstrapping Spring Data JPA repositories in DEFAULT mode.
2024-11-08T19:42:22.572-05:00  INFO 18360 --- [           main] .s.d.r.c.RepositoryConfigurationDelegate : Finished Spring Data repository scanning in 147 ms. Found 1 JPA repository interface.
2024-11-08T19:42:23.814-05:00  INFO 18360 --- [           main] o.hibernate.jpa.internal.util.LogHelper  : HHH000204: Processing PersistenceUnitInfo [name: default]
2024-11-08T19:42:23.928-05:00  INFO 18360 --- [           main] org.hibernate.Version                    : HHH000412: Hibernate ORM core version 6.5.3.Final
2024-11-08T19:42:24.003-05:00  INFO 18360 --- [           main] o.h.c.internal.RegionFactoryInitiator    : HHH000026: Second-level cache disabled
2024-11-08T19:42:24.591-05:00  INFO 18360 --- [           main] o.s.o.j.p.SpringPersistenceUnitInfo      : No LoadTimeWeaver setup: ignoring JPA class transformer
2024-11-08T19:42:24.661-05:00  INFO 18360 --- [           main] com.zaxxer.hikari.HikariDataSource       : HikariPool-1 - Starting...
2024-11-08T19:42:27.327-05:00  INFO 18360 --- [           main] com.zaxxer.hikari.pool.HikariPool        : HikariPool-1 - Added connection com.mysql.cj.jdbc.ConnectionImpl@5ca22e19
2024-11-08T19:42:27.331-05:00  INFO 18360 --- [           main] com.zaxxer.hikari.HikariDataSource       : HikariPool-1 - Start completed.
2024-11-08T19:42:27.359-05:00  WARN 18360 --- [           main] org.hibernate.orm.deprecation            : HHH90000025: MySQL8Dialect does not need to be specified explicitly using 'hibernate.dialect' (remove the property setting and it will be selected by default)
2024-11-08T19:42:27.360-05:00  WARN 18360 --- [           main] org.hibernate.orm.deprecation            : HHH90000026: MySQL8Dialect has been deprecated; use org.hibernate.dialect.MySQLDialect instead
2024-11-08T19:42:28.152-05:00  INFO 18360 --- [           main] o.h.e.t.j.p.i.JtaPlatformInitiator       : HHH000489: No JTA platform available (set 'hibernate.transaction.jta.platform' to enable JTA platform integration)
2024-11-08T19:42:32.542-05:00  INFO 18360 --- [           main] j.LocalContainerEntityManagerFactoryBean : Initialized JPA EntityManagerFactory for persistence unit 'default'
2024-11-08T19:42:33.030-05:00  WARN 18360 --- [           main] JpaBaseConfiguration$JpaWebConfiguration : spring.jpa.open-in-view is enabled by default. Therefore, database queries may be performed during view rendering. Explicitly configure spring.jpa.open-in-view to disable this warning
2024-11-08T19:42:33.435-05:00  INFO 18360 --- [           main] c.e.i.InvitacionesApplicationTests       : Started InvitacionesApplicationTests in 12.679 seconds (process running for 13.882)
]]></system-out>
  </testcase>
</testsuite>